<?xml version="1.0" encoding="UTF-8"?>
<!-- Generated by org.testng.reporters.JUnitXMLReporter -->
<testsuite hostname="TCOE-7374JBR-LX" name="Functional Test 1" tests="1" failures="1" timestamp="27 Feb 2018 05:39:22 GMT" time="56.01" errors="0">
  <testcase name="feature" time="54.644" classname="com.acn.scenarios.BatchRunner">
    <failure type="cucumber.runtime.CucumberException" message="java.lang.AssertionError: FAIL: Unexpected error/exception occured in enterText(): Expected condition failed: waiting for presence of element located by: By.xpath: //input[@name=&amp;apos;userName&amp;apos;] (tried for 30 second(s) with 500 MILLISECONDS interval)">
      <![CDATA[cucumber.runtime.CucumberException: java.lang.AssertionError: FAIL: Unexpected error/exception occured in enterText(): Expected condition failed: waiting for presence of element located by: By.xpath: //input[@name='userName'] (tried for 30 second(s) with 500 MILLISECONDS interval)
	at cucumber.api.testng.TestNGCucumberRunner.runCucumber(TestNGCucumberRunner.java:69)
	at cucumber.api.testng.AbstractTestNGCucumberTests.feature(AbstractTestNGCucumberTests.java:21)
	at java.util.concurrent.ThreadPoolExecutor.runWorker(ThreadPoolExecutor.java:1142)
	at java.util.concurrent.ThreadPoolExecutor$Worker.run(ThreadPoolExecutor.java:617)
	at java.lang.Thread.run(Thread.java:745)
Caused by: java.lang.AssertionError: FAIL: Unexpected error/exception occured in enterText(): Expected condition failed: waiting for presence of element located by: By.xpath: //input[@name='userName'] (tried for 30 second(s) with 500 MILLISECONDS interval)
	at com.acn.testbase.TestBase.ReportResults(TestBase.java:261)
	at com.acn.testbase.TestBase.enterText(TestBase.java:406)
	at com.acn.scenarios.GlobalStepDef.enterValue(GlobalStepDef.java:58)
	at âœ½.Then enter "mercury;xpath>>//input[@name='userName'];txtUserName"(TestAU-DemoCreate.feature:4)
... Removed 11 stack frames]]>
    </failure>
  </testcase>
</testsuite>
