-------------------------------------------------------------------------------
Test set: TestSuite
-------------------------------------------------------------------------------
Tests run: 1, Failures: 1, Errors: 0, Skipped: 0, Time elapsed: 382.071 sec <<< FAILURE! - in TestSuite
feature(com.acn.scenarios.BatchRunner)  Time elapsed: 380.088 sec  <<< FAILURE!
cucumber.runtime.CucumberException: java.lang.AssertionError: FAIL: Unexpected error/exception occured in enterText(): Expected condition failed: waiting for presence of element located by: By.xpath: //input[@name='userName'] (tried for 30 second(s) with 500 MILLISECONDS interval)
	at cucumber.api.testng.TestNGCucumberRunner.runCucumber(TestNGCucumberRunner.java:69)
	at cucumber.api.testng.AbstractTestNGCucumberTests.feature(AbstractTestNGCucumberTests.java:21)
	at sun.reflect.NativeMethodAccessorImpl.invoke0(Native Method)
	at sun.reflect.NativeMethodAccessorImpl.invoke(NativeMethodAccessorImpl.java:62)
	at sun.reflect.DelegatingMethodAccessorImpl.invoke(DelegatingMethodAccessorImpl.java:43)
	at java.lang.reflect.Method.invoke(Method.java:498)
	at org.testng.internal.MethodInvocationHelper.invokeMethod(MethodInvocationHelper.java:80)
	at org.testng.internal.Invoker.invokeMethod(Invoker.java:691)
	at org.testng.internal.Invoker.invokeTestMethod(Invoker.java:883)
	at org.testng.internal.Invoker.invokeTestMethods(Invoker.java:1208)
	at org.testng.internal.TestMethodWorker.invokeTestMethods(TestMethodWorker.java:127)
	at org.testng.internal.TestMethodWorker.run(TestMethodWorker.java:111)
	at java.util.concurrent.ThreadPoolExecutor.runWorker(ThreadPoolExecutor.java:1142)
	at java.util.concurrent.ThreadPoolExecutor$Worker.run(ThreadPoolExecutor.java:617)
	at java.lang.Thread.run(Thread.java:745)
Caused by: java.lang.AssertionError: FAIL: Unexpected error/exception occured in enterText(): Expected condition failed: waiting for presence of element located by: By.xpath: //input[@name='userName'] (tried for 30 second(s) with 500 MILLISECONDS interval)
	at org.testng.Assert.fail(Assert.java:89)
	at com.acn.testbase.TestBase.ReportResults(TestBase.java:261)
	at com.acn.testbase.TestBase.enterText(TestBase.java:406)
	at com.acn.scenarios.GlobalStepDef.enterValue(GlobalStepDef.java:58)
	at ?.Then enter "mercury;xpath>>//input[@name='userName'];txtUserName"(TestAU-DemoCreate.feature:4)

